<?xml version="1.0" encoding="UTF-8"?>
<!-- Generated by org.testng.reporters.JUnitXMLReporter -->
<testsuite ignored="0" hostname="LP1-AP-51961818" failures="0" tests="3" name="HomePageTest" time="7.647" errors="0" timestamp="2024-07-18T11:46:23 IST">
  <testcase classname="com.CRM.TestCases.HomePageTestCase" name="verifyUrl" time="0.012"/>
  <testcase classname="com.CRM.TestCases.HomePageTestCase" name="verifyTitle" time="0.005"/>
  <testcase classname="com.CRM.TestCases.HomePageTestCase" name="verifySignInLink" time="1.037"/>
</testsuite> <!-- HomePageTest -->
