<?xml version="1.0" encoding="UTF-8"?>
<testng-results ignored="0" total="4" passed="4" failed="0" skipped="0">
  <reporter-output>
  </reporter-output>
  <suite started-at="2024-07-18T11:46:15 IST" name="Suite" finished-at="2024-07-18T11:46:28 IST" duration-ms="13068">
    <groups>
    </groups>
    <test started-at="2024-07-18T11:46:15 IST" name="HomePageTest" finished-at="2024-07-18T11:46:23 IST" duration-ms="7647">
      <class name="com.CRM.TestCases.HomePageTestCase">
        <test-method is-config="true" signature="setUp()[pri:0, instance:com.CRM.TestCases.HomePageTestCase@39529185]" started-at="2024-07-18T11:46:15 IST" name="setUp" finished-at="2024-07-18T11:46:22 IST" duration-ms="6561" status="PASS">
          <reporter-output>
          </reporter-output>
        </test-method> <!-- setUp -->
        <test-method signature="verifyUrl()[pri:1, instance:com.CRM.TestCases.HomePageTestCase@39529185]" started-at="2024-07-18T11:46:22 IST" name="verifyUrl" finished-at="2024-07-18T11:46:22 IST" duration-ms="12" status="PASS">
          <reporter-output>
          </reporter-output>
        </test-method> <!-- verifyUrl -->
        <test-method signature="verifyTitle()[pri:2, instance:com.CRM.TestCases.HomePageTestCase@39529185]" started-at="2024-07-18T11:46:22 IST" name="verifyTitle" finished-at="2024-07-18T11:46:22 IST" duration-ms="5" status="PASS">
          <reporter-output>
          </reporter-output>
        </test-method> <!-- verifyTitle -->
        <test-method signature="verifySignInLink()[pri:3, instance:com.CRM.TestCases.HomePageTestCase@39529185]" started-at="2024-07-18T11:46:22 IST" name="verifySignInLink" finished-at="2024-07-18T11:46:23 IST" duration-ms="1037" status="PASS">
          <reporter-output>
          </reporter-output>
        </test-method> <!-- verifySignInLink -->
      </class> <!-- com.CRM.TestCases.HomePageTestCase -->
    </test> <!-- HomePageTest -->
    <test started-at="2024-07-18T11:46:23 IST" name="LoginPageTest" finished-at="2024-07-18T11:46:28 IST" duration-ms="5394">
      <class name="com.CRM.TestCases.LoginPageTestCase">
        <test-method is-config="true" signature="setUp()[pri:0, instance:com.CRM.TestCases.LoginPageTestCase@5e0826e7]" started-at="2024-07-18T11:46:23 IST" name="setUp" finished-at="2024-07-18T11:46:26 IST" duration-ms="3549" status="PASS">
          <reporter-output>
          </reporter-output>
        </test-method> <!-- setUp -->
        <test-method is-config="true" signature="PageSetUp()[pri:0, instance:com.CRM.TestCases.LoginPageTestCase@5e0826e7]" started-at="2024-07-18T11:46:26 IST" name="PageSetUp" finished-at="2024-07-18T11:46:27 IST" duration-ms="1028" status="PASS">
          <reporter-output>
          </reporter-output>
        </test-method> <!-- PageSetUp -->
        <test-method signature="verifyLogin()[pri:0, instance:com.CRM.TestCases.LoginPageTestCase@5e0826e7]" started-at="2024-07-18T11:46:27 IST" name="verifyLogin" finished-at="2024-07-18T11:46:28 IST" duration-ms="816" status="PASS">
          <reporter-output>
          </reporter-output>
        </test-method> <!-- verifyLogin -->
      </class> <!-- com.CRM.TestCases.LoginPageTestCase -->
    </test> <!-- LoginPageTest -->
  </suite> <!-- Suite -->
</testng-results>
